<?xml version="1.0" encoding="UTF-8"?>
<!-- Generated by org.testng.reporters.JUnitReportReporter -->
<testsuite skipped="0" hostname="Harman" name="com.testing.AppTest" tests="1" failures="0" timestamp="29 Mar 2019 04:27:29 GMT" time="0.004" errors="0">
  <testcase name="testSum" time="0.004" classname="com.testing.AppTest"/>
</testsuite> <!-- com.testing.AppTest -->
